Vous trouverez ci-dessous le résultat de notre analyse.
Afin que votre site web fonctionne après nettoyage, il vous faudra rétablir les droits 604 sur vos fichiers .

Selon toute vraisemblance, les fichiers suivant ont été chargés par un tiers.
Veuillez vérifier ces fichiers et les supprimer si nécessaire.
~/clickandbuilds/shopperrzzv0/wp-content/plugins/bclqhrigab/index.php
~/clickandbuilds/shopperrzzv0/wp-content/plugins/wp-deter/vos/infodata.php
~/clickandbuilds/shopperrzzv0/wp-content/plugins/akisiupload/views/notice.php

Selon toute vraisemblance, les fichiers suivant ont été modifiées par un tiers.
Veuillez vérifier ces fichiers et si nécessaire chargez une copie de ces fichiers provenant d'une sauvegarde non infectée sur votre espace web.
~/clickandbuilds/shopperrzzv0/wp-content/plugins/wdzeqckzwz/km.php
~/clickandbuilds/shopperrzzv0/wp-content/plugins/wdzeqckzwz/al.php
~/clickandbuilds/shopperrzzv0/wp-content/plugins/bokjzrcznk/alwso.php
~/clickandbuilds/shopperrzzv0/wp-content/plugins/adhbxzxpxb/uploader.php
~/clickandbuilds/shopperrzzv0/wp-content/plugins/wdzeqckzwz/uploader.php
~/clickandbuilds/shopperrzzv0/wp-content/plugins/orewznaotp/km.php
~/clickandbuilds/shopperrzzv0/wp-content/plugins/mxykzpymsa/xleet.php
~/clickandbuilds/shopperrzzv0/wp-content/plugins/inflfmblzt/uploader.php
~/clickandbuilds/shopperrzzv0/wp-content/plugins/wp-toobar/toobar/20225.php
~/clickandbuilds/shopperrzzv0/wp-content/plugins/aicndqwyyu/al.php
~/clickandbuilds/shopperrzzv0/index.php
~/clickandbuilds/shopperrzzv0/wp-content/plugins/bokjzrcznk/index.php
~/clickandbuilds/shopperrzzv0/wp-content/plugins/wdzeqckzwz/sidwso.php
~/clickandbuilds/shopperrzzv0/wp-content/plugins/adhbxzxpxb/sidwso.php
~/clickandbuilds/shopperrzzv0/wp-content/plugins/wdzeqckzwz/smtp.php
~/clickandbuilds/shopperrzzv0/wp-content/plugins/adhbxzxpxb/al.php
~/clickandbuilds/shopperrzzv0/wp-content/plugins/wdzeqckzwz/index.php
~/clickandbuilds/shopperrzzv0/wp-content/plugins/bokjzrcznk/xleet.php
~/clickandbuilds/shopperrzzv0/wp-content/plugins/mxykzpymsa/alwso.php
~/clickandbuilds/shopperrzzv0/wp-content/plugins/inflfmblzt/km.php
~/clickandbuilds/shopperrzzv0/wp-content/plugins/orewznaotp/sidwso.php
~/clickandbuilds/shopperrzzv0/wp-content/plugins/inflfmblzt/sidwso.php
~/clickandbuilds/shopperrzzv0/wp-content/plugins/orewznaotp/index.php
~/clickandbuilds/shopperrzzv0/wp-content/plugins/aicndqwyyu/sidwso.php
~/clickandbuilds/shopperrzzv0/wp-content/plugins/aicndqwyyu/km.php
~/clickandbuilds/shopperrzzv0/wp-content/plugins/inflfmblzt/al.php
~/clickandbuilds/shopperrzzv0/wp-content/plugins/adhbxzxpxb/index.php
~/clickandbuilds/shopperrzzv0/wp-content/plugins/adhbxzxpxb/smtp.php
~/clickandbuilds/shopperrzzv0/wp-content/plugins/bclqhrigab/xleet.php
~/clickandbuilds/shopperrzzv0/wp-content/plugins/inflfmblzt/index.php
~/clickandbuilds/shopperrzzv0/wp-content/plugins/orewznaotp/uploader.php
~/clickandbuilds/shopperrzzv0/wp-content/plugins/bclqhrigab/alwso.php
~/clickandbuilds/shopperrzzv0/wp-content/plugins/inflfmblzt/smtp.php
~/clickandbuilds/shopperrzzv0/wp-content/plugins/aicndqwyyu/uploader.php
~/clickandbuilds/shopperrzzv0/wp-content/plugins/mxykzpymsa/index.php
~/clickandbuilds/shopperrzzv0/wp-content/plugins/aicndqwyyu/index.php
~/clickandbuilds/shopperrzzv0/wp-content/plugins/aicndqwyyu/smtp.php
~/clickandbuilds/shopperrzzv0/wp-content/plugins/orewznaotp/al.php
~/clickandbuilds/shopperrzzv0/wp-content/plugins/adhbxzxpxb/km.php
~/clickandbuilds/shopperrzzv0/wp-content/plugins/akisiupload/akismet indo.zip
~/clickandbuilds/shopperrzzv0/wp-content/plugins/bclqhrigab/index.php
~/clickandbuilds/shopperrzzv0/wp-content/plugins/orewznaotp/smtp.php

